<?xml version="1.0" encoding="UTF-8"?>
<testsuite xmlns:xsi="http://www.w3.org/2001/XMLSchema-instance" xsi:noNamespaceSchemaLocation="https://maven.apache.org/surefire/maven-surefire-plugin/xsd/surefire-test-report.xsd" version="3.0.2" name="com.proyecto.nube.SpringConverterCsvsToExcelApplicationTests" time="5.445" tests="1" errors="0" skipped="0" failures="0" flakes="0">
  <properties>
[...]
</properties>
  <testcase name="contextLoads" classname="com.proyecto.nube.SpringConverterCsvsToExcelApplicationTests" time="1.316">
    <system-out><![CDATA[Standard Commons Logging discovery in action with spring-jcl: please remove commons-logging.jar from classpath in order to avoid potential conflicts
14:44:12.949 [main] INFO org.springframework.test.context.support.AnnotationConfigContextLoaderUtils -- Could not detect default configuration classes for test class [com.proyecto.nube.SpringConverterCsvsToExcelApplicationTests]: SpringConverterCsvsToExcelApplicationTests does not declare any static, non-private, non-final, nested classes annotated with @Configuration.
14:44:13.210 [main] INFO org.springframework.boot.test.context.SpringBootTestContextBootstrapper -- Found @SpringBootConfiguration com.proyecto.nube.SpringConverterCsvsToExcelApplication for test class com.proyecto.nube.SpringConverterCsvsToExcelApplicationTests
14:44:13.714 [main] INFO org.springframework.boot.devtools.restart.RestartApplicationListener -- Restart disabled due to context in which it is running

  .   ____          _            __ _ _
 /\\ / ___'_ __ _ _(_)_ __  __ _ \ \ \ \
( ( )\___ | '_ | '_| | '_ \/ _` | \ \ \ \
 \\/  ___)| |_)| | | | | || (_| |  ) ) ) )
  '  |____| .__|_| |_|_| |_\__, | / / / /
 =========|_|==============|___/=/_/_/_/

 :: Spring Boot ::      (v3.5.15-SNAPSHOT)

2026-06-03T14:44:14.240-05:00  INFO 31984 --- [spring_converter_csvs_to_excel] [           main] ringConverterCsvsToExcelApplicationTests : Starting SpringConverterCsvsToExcelApplicationTests using Java 17.0.12 with PID 31984 (started by LENOVO in D:\Empresas\IGS\ProyectoNube\spring_converter_csvs_to_excel)
2026-06-03T14:44:14.241-05:00  INFO 31984 --- [spring_converter_csvs_to_excel] [           main] ringConverterCsvsToExcelApplicationTests : No active profile set, falling back to 1 default profile: "default"
2026-06-03T14:44:16.750-05:00  INFO 31984 --- [spring_converter_csvs_to_excel] [           main] ringConverterCsvsToExcelApplicationTests : Started SpringConverterCsvsToExcelApplicationTests in 3.058 seconds (process running for 4.872)
2026-06-03T14:44:16.753-05:00  WARN 31984 --- [spring_converter_csvs_to_excel] [           main] o.s.core.events.SpringDocAppInitializer  : SpringDoc /v3/api-docs endpoint is enabled by default. To disable it in production, set the property 'springdoc.api-docs.enabled=false'
2026-06-03T14:44:16.755-05:00  WARN 31984 --- [spring_converter_csvs_to_excel] [           main] o.s.core.events.SpringDocAppInitializer  : SpringDoc /swagger-ui.html endpoint is enabled by default. To disable it in production, set the property 'springdoc.swagger-ui.enabled=false'
]]></system-out>
  </testcase>
</testsuite>